<?xml version="1.0" encoding="UTF-8"?>
<!-- Generated by org.testng.reporters.JUnitReportReporter -->
<testsuite hostname="DESKTOP-9HD1UFT" name="driverFactory.DriverScript" tests="1" failures="0" timestamp="9 Jul 2022 05:41:01 GMT" time="43.302" errors="0">
  <testcase name="stratTest" time="43.302" classname="driverFactory.DriverScript"/>
</testsuite> <!-- driverFactory.DriverScript -->
