<?xml version="1.0" encoding="UTF-8"?>
<!-- Generated by org.testng.reporters.JUnitReportReporter -->
<testsuite hostname="DESKTOP-9HD1UFT" name="applicationLayer.POMDriverScripts" tests="1" failures="0" timestamp="11 Jul 2022 04:39:52 GMT" time="190.345" errors="0">
  <testcase name="empCreation" time="190.345" classname="applicationLayer.POMDriverScripts"/>
</testsuite> <!-- applicationLayer.POMDriverScripts -->
