<?xml version="1.0" encoding="UTF-8"?>
<!-- Generated by org.testng.reporters.JUnitReportReporter -->
<testsuite hostname="DESKTOP-9HD1UFT" name="driverFactory.TestScript" tests="1" failures="0" timestamp="9 Jul 2022 06:49:27 GMT" time="13.125" errors="0">
  <testcase name="validateemp" time="13.125" classname="driverFactory.TestScript"/>
</testsuite> <!-- driverFactory.TestScript -->
